2018-12-03 11:33:46.239  INFO 1551 --- [main] c.n.s.ProductrestapiApplicationTests     : Starting ProductrestapiApplicationTests on Nazars-MacBook-Pro-3.local with PID 1551 (started by nazarlesiv in /Users/nazarlesiv/Git/java-examples/5.web.services/REST/productrestapi)
2018-12-03 11:33:46.240  INFO 1551 --- [main] c.n.s.ProductrestapiApplicationTests     : No active profile set, falling back to default profiles: default
2018-12-03 11:33:46.261  INFO 1551 --- [main] o.s.w.c.s.GenericWebApplicationContext   : Refreshing org.springframework.web.context.support.GenericWebApplicationContext@7d4f9aae: startup date [Mon Dec 03 11:33:46 EST 2018]; root of context hierarchy
2018-12-03 11:33:47.100  INFO 1551 --- [main] trationDelegate$BeanPostProcessorChecker : Bean 'org.springframework.transaction.annotation.ProxyTransactionManagementConfiguration' of type [org.springframework.transaction.annotation.ProxyTransactionManagementConfiguration$$EnhancerBySpringCGLIB$$2419c1fb] is not eligible for getting processed by all BeanPostProcessors (for example: not eligible for auto-proxying)
2018-12-03 11:33:47.317  INFO 1551 --- [main] com.zaxxer.hikari.HikariDataSource       : HikariPool-1 - Starting...
2018-12-03 11:33:47.735  INFO 1551 --- [main] com.zaxxer.hikari.HikariDataSource       : HikariPool-1 - Start completed.
2018-12-03 11:33:47.780  INFO 1551 --- [main] j.LocalContainerEntityManagerFactoryBean : Building JPA container EntityManagerFactory for persistence unit 'default'
2018-12-03 11:33:47.800  INFO 1551 --- [main] o.hibernate.jpa.internal.util.LogHelper  : HHH000204: Processing PersistenceUnitInfo [
	name: default
	...]
2018-12-03 11:33:47.969  INFO 1551 --- [main] org.hibernate.Version                    : HHH000412: Hibernate Core {5.2.17.Final}
2018-12-03 11:33:47.971  INFO 1551 --- [main] org.hibernate.cfg.Environment            : HHH000206: hibernate.properties not found
2018-12-03 11:33:48.006  INFO 1551 --- [main] o.hibernate.annotations.common.Version   : HCANN000001: Hibernate Commons Annotations {5.0.1.Final}
2018-12-03 11:33:48.108  INFO 1551 --- [main] org.hibernate.dialect.Dialect            : HHH000400: Using dialect: org.hibernate.dialect.MySQL5Dialect
2018-12-03 11:33:48.462  INFO 1551 --- [main] j.LocalContainerEntityManagerFactoryBean : Initialized JPA EntityManagerFactory for persistence unit 'default'
2018-12-03 11:33:48.940  INFO 1551 --- [main] o.s.w.s.handler.SimpleUrlHandlerMapping  : Mapped URL path [/**/favicon.ico] onto handler of type [class org.springframework.web.servlet.resource.ResourceHttpRequestHandler]
2018-12-03 11:33:49.179  INFO 1551 --- [main] s.w.s.m.m.a.RequestMappingHandlerAdapter : Looking for @ControllerAdvice: org.springframework.web.context.support.GenericWebApplicationContext@7d4f9aae: startup date [Mon Dec 03 11:33:46 EST 2018]; root of context hierarchy
2018-12-03 11:33:49.221  WARN 1551 --- [main] aWebConfiguration$JpaWebMvcConfiguration : spring.jpa.open-in-view is enabled by default. Therefore, database queries may be performed during view rendering. Explicitly configure spring.jpa.open-in-view to disable this warning
2018-12-03 11:33:49.252  INFO 1551 --- [main] s.w.s.m.m.a.RequestMappingHandlerMapping : Mapped "{[/products],methods=[GET]}" onto public java.util.List<com.nazar.springweb.entities.Product> com.nazar.springweb.controllers.ProductRestController.getProducts()
2018-12-03 11:33:49.253  INFO 1551 --- [main] s.w.s.m.m.a.RequestMappingHandlerMapping : Mapped "{[/products/{id}],methods=[GET]}" onto public com.nazar.springweb.entities.Product com.nazar.springweb.controllers.ProductRestController.getProduct(int)
2018-12-03 11:33:49.253  INFO 1551 --- [main] s.w.s.m.m.a.RequestMappingHandlerMapping : Mapped "{[/products],methods=[POST]}" onto public com.nazar.springweb.entities.Product com.nazar.springweb.controllers.ProductRestController.createProduct(com.nazar.springweb.entities.Product)
2018-12-03 11:33:49.253  INFO 1551 --- [main] s.w.s.m.m.a.RequestMappingHandlerMapping : Mapped "{[/products],methods=[PUT]}" onto public com.nazar.springweb.entities.Product com.nazar.springweb.controllers.ProductRestController.updateProduct(com.nazar.springweb.entities.Product)
2018-12-03 11:33:49.254  INFO 1551 --- [main] s.w.s.m.m.a.RequestMappingHandlerMapping : Mapped "{[/products/{id}],methods=[DELETE]}" onto public void com.nazar.springweb.controllers.ProductRestController.deleteProduct(int)
2018-12-03 11:33:49.256  INFO 1551 --- [main] s.w.s.m.m.a.RequestMappingHandlerMapping : Mapped "{[/error]}" onto public org.springframework.http.ResponseEntity<java.util.Map<java.lang.String, java.lang.Object>> org.springframework.boot.autoconfigure.web.servlet.error.BasicErrorController.error(javax.servlet.http.HttpServletRequest)
2018-12-03 11:33:49.256  INFO 1551 --- [main] s.w.s.m.m.a.RequestMappingHandlerMapping : Mapped "{[/error],produces=[text/html]}" onto public org.springframework.web.servlet.ModelAndView org.springframework.boot.autoconfigure.web.servlet.error.BasicErrorController.errorHtml(javax.servlet.http.HttpServletRequest,javax.servlet.http.HttpServletResponse)
2018-12-03 11:33:49.282  INFO 1551 --- [main] o.s.w.s.handler.SimpleUrlHandlerMapping  : Mapped URL path [/webjars/**] onto handler of type [class org.springframework.web.servlet.resource.ResourceHttpRequestHandler]
2018-12-03 11:33:49.283  INFO 1551 --- [main] o.s.w.s.handler.SimpleUrlHandlerMapping  : Mapped URL path [/**] onto handler of type [class org.springframework.web.servlet.resource.ResourceHttpRequestHandler]
2018-12-03 11:33:49.513  INFO 1551 --- [main] c.n.s.ProductrestapiApplicationTests     : Started ProductrestapiApplicationTests in 3.745 seconds (JVM running for 4.438)
2018-12-03 11:33:49.776  INFO 1551 --- [Thread-2] o.s.w.c.s.GenericWebApplicationContext   : Closing org.springframework.web.context.support.GenericWebApplicationContext@7d4f9aae: startup date [Mon Dec 03 11:33:46 EST 2018]; root of context hierarchy
2018-12-03 11:33:49.779  INFO 1551 --- [Thread-2] j.LocalContainerEntityManagerFactoryBean : Closing JPA EntityManagerFactory for persistence unit 'default'
2018-12-03 11:33:49.780  INFO 1551 --- [Thread-2] com.zaxxer.hikari.HikariDataSource       : HikariPool-1 - Shutdown initiated...
2018-12-03 11:33:49.786  INFO 1551 --- [Thread-2] com.zaxxer.hikari.HikariDataSource       : HikariPool-1 - Shutdown completed.
2018-12-03 11:33:58.163  INFO 1552 --- [main] c.n.s.ProductrestapiApplicationTests     : Starting ProductrestapiApplicationTests on Nazars-MacBook-Pro-3.local with PID 1552 (started by nazarlesiv in /Users/nazarlesiv/Git/java-examples/5.web.services/REST/productrestapi)
2018-12-03 11:33:58.166  INFO 1552 --- [main] c.n.s.ProductrestapiApplicationTests     : No active profile set, falling back to default profiles: default
2018-12-03 11:33:58.192  INFO 1552 --- [main] o.s.w.c.s.GenericWebApplicationContext   : Refreshing org.springframework.web.context.support.GenericWebApplicationContext@53aac487: startup date [Mon Dec 03 11:33:58 EST 2018]; root of context hierarchy
2018-12-03 11:33:59.068  INFO 1552 --- [main] trationDelegate$BeanPostProcessorChecker : Bean 'org.springframework.transaction.annotation.ProxyTransactionManagementConfiguration' of type [org.springframework.transaction.annotation.ProxyTransactionManagementConfiguration$$EnhancerBySpringCGLIB$$4b19dada] is not eligible for getting processed by all BeanPostProcessors (for example: not eligible for auto-proxying)
2018-12-03 11:33:59.273  INFO 1552 --- [main] com.zaxxer.hikari.HikariDataSource       : HikariPool-1 - Starting...
2018-12-03 11:33:59.675  INFO 1552 --- [main] com.zaxxer.hikari.HikariDataSource       : HikariPool-1 - Start completed.
2018-12-03 11:33:59.714  INFO 1552 --- [main] j.LocalContainerEntityManagerFactoryBean : Building JPA container EntityManagerFactory for persistence unit 'default'
2018-12-03 11:33:59.728  INFO 1552 --- [main] o.hibernate.jpa.internal.util.LogHelper  : HHH000204: Processing PersistenceUnitInfo [
	name: default
	...]
2018-12-03 11:33:59.888  INFO 1552 --- [main] org.hibernate.Version                    : HHH000412: Hibernate Core {5.2.17.Final}
2018-12-03 11:33:59.889  INFO 1552 --- [main] org.hibernate.cfg.Environment            : HHH000206: hibernate.properties not found
2018-12-03 11:33:59.924  INFO 1552 --- [main] o.hibernate.annotations.common.Version   : HCANN000001: Hibernate Commons Annotations {5.0.1.Final}
2018-12-03 11:34:00.022  INFO 1552 --- [main] org.hibernate.dialect.Dialect            : HHH000400: Using dialect: org.hibernate.dialect.MySQL5Dialect
2018-12-03 11:34:00.364  INFO 1552 --- [main] j.LocalContainerEntityManagerFactoryBean : Initialized JPA EntityManagerFactory for persistence unit 'default'
2018-12-03 11:34:00.852  INFO 1552 --- [main] o.s.w.s.handler.SimpleUrlHandlerMapping  : Mapped URL path [/**/favicon.ico] onto handler of type [class org.springframework.web.servlet.resource.ResourceHttpRequestHandler]
2018-12-03 11:34:01.086  INFO 1552 --- [main] s.w.s.m.m.a.RequestMappingHandlerAdapter : Looking for @ControllerAdvice: org.springframework.web.context.support.GenericWebApplicationContext@53aac487: startup date [Mon Dec 03 11:33:58 EST 2018]; root of context hierarchy
2018-12-03 11:34:01.125  WARN 1552 --- [main] aWebConfiguration$JpaWebMvcConfiguration : spring.jpa.open-in-view is enabled by default. Therefore, database queries may be performed during view rendering. Explicitly configure spring.jpa.open-in-view to disable this warning
2018-12-03 11:34:01.162  INFO 1552 --- [main] s.w.s.m.m.a.RequestMappingHandlerMapping : Mapped "{[/products],methods=[GET]}" onto public java.util.List<com.nazar.springweb.entities.Product> com.nazar.springweb.controllers.ProductRestController.getProducts()
2018-12-03 11:34:01.164  INFO 1552 --- [main] s.w.s.m.m.a.RequestMappingHandlerMapping : Mapped "{[/products/{id}],methods=[GET]}" onto public com.nazar.springweb.entities.Product com.nazar.springweb.controllers.ProductRestController.getProduct(int)
2018-12-03 11:34:01.164  INFO 1552 --- [main] s.w.s.m.m.a.RequestMappingHandlerMapping : Mapped "{[/products],methods=[POST]}" onto public com.nazar.springweb.entities.Product com.nazar.springweb.controllers.ProductRestController.createProduct(com.nazar.springweb.entities.Product)
2018-12-03 11:34:01.164  INFO 1552 --- [main] s.w.s.m.m.a.RequestMappingHandlerMapping : Mapped "{[/products],methods=[PUT]}" onto public com.nazar.springweb.entities.Product com.nazar.springweb.controllers.ProductRestController.updateProduct(com.nazar.springweb.entities.Product)
2018-12-03 11:34:01.165  INFO 1552 --- [main] s.w.s.m.m.a.RequestMappingHandlerMapping : Mapped "{[/products/{id}],methods=[DELETE]}" onto public void com.nazar.springweb.controllers.ProductRestController.deleteProduct(int)
2018-12-03 11:34:01.168  INFO 1552 --- [main] s.w.s.m.m.a.RequestMappingHandlerMapping : Mapped "{[/error]}" onto public org.springframework.http.ResponseEntity<java.util.Map<java.lang.String, java.lang.Object>> org.springframework.boot.autoconfigure.web.servlet.error.BasicErrorController.error(javax.servlet.http.HttpServletRequest)
2018-12-03 11:34:01.168  INFO 1552 --- [main] s.w.s.m.m.a.RequestMappingHandlerMapping : Mapped "{[/error],produces=[text/html]}" onto public org.springframework.web.servlet.ModelAndView org.springframework.boot.autoconfigure.web.servlet.error.BasicErrorController.errorHtml(javax.servlet.http.HttpServletRequest,javax.servlet.http.HttpServletResponse)
2018-12-03 11:34:01.199  INFO 1552 --- [main] o.s.w.s.handler.SimpleUrlHandlerMapping  : Mapped URL path [/webjars/**] onto handler of type [class org.springframework.web.servlet.resource.ResourceHttpRequestHandler]
2018-12-03 11:34:01.201  INFO 1552 --- [main] o.s.w.s.handler.SimpleUrlHandlerMapping  : Mapped URL path [/**] onto handler of type [class org.springframework.web.servlet.resource.ResourceHttpRequestHandler]
2018-12-03 11:34:01.435  INFO 1552 --- [main] c.n.s.ProductrestapiApplicationTests     : Started ProductrestapiApplicationTests in 3.585 seconds (JVM running for 4.333)
2018-12-03 11:34:01.693  INFO 1552 --- [Thread-2] o.s.w.c.s.GenericWebApplicationContext   : Closing org.springframework.web.context.support.GenericWebApplicationContext@53aac487: startup date [Mon Dec 03 11:33:58 EST 2018]; root of context hierarchy
2018-12-03 11:34:01.695  INFO 1552 --- [Thread-2] j.LocalContainerEntityManagerFactoryBean : Closing JPA EntityManagerFactory for persistence unit 'default'
2018-12-03 11:34:01.696  INFO 1552 --- [Thread-2] com.zaxxer.hikari.HikariDataSource       : HikariPool-1 - Shutdown initiated...
2018-12-03 11:34:01.703  INFO 1552 --- [Thread-2] com.zaxxer.hikari.HikariDataSource       : HikariPool-1 - Shutdown completed.
2018-12-03 11:34:27.298  INFO 1553 --- [main] c.n.springweb.ProductrestapiApplication  : Starting ProductrestapiApplication on Nazars-MacBook-Pro-3.local with PID 1553 (/Users/nazarlesiv/Git/java-examples/5.web.services/REST/productrestapi/target/classes started by nazarlesiv in /Users/nazarlesiv/Git/java-examples/5.web.services/REST/productrestapi)
2018-12-03 11:34:27.300  INFO 1553 --- [main] c.n.springweb.ProductrestapiApplication  : No active profile set, falling back to default profiles: default
2018-12-03 11:34:27.323  INFO 1553 --- [main] ConfigServletWebServerApplicationContext : Refreshing org.springframework.boot.web.servlet.context.AnnotationConfigServletWebServerApplicationContext@6b26e945: startup date [Mon Dec 03 11:34:27 EST 2018]; root of context hierarchy
2018-12-03 11:34:27.908  INFO 1553 --- [main] trationDelegate$BeanPostProcessorChecker : Bean 'org.springframework.transaction.annotation.ProxyTransactionManagementConfiguration' of type [org.springframework.transaction.annotation.ProxyTransactionManagementConfiguration$$EnhancerBySpringCGLIB$$1ca1ffb6] is not eligible for getting processed by all BeanPostProcessors (for example: not eligible for auto-proxying)
2018-12-03 11:34:28.077  INFO 1553 --- [main] org.xnio                                 : XNIO version 3.3.8.Final
2018-12-03 11:34:28.084  INFO 1553 --- [main] org.xnio.nio                             : XNIO NIO Implementation Version 3.3.8.Final
2018-12-03 11:34:28.107  WARN 1553 --- [main] io.undertow.websockets.jsr               : UT026009: XNIO worker was not set on WebSocketDeploymentInfo, the default worker will be used
2018-12-03 11:34:28.107  WARN 1553 --- [main] io.undertow.websockets.jsr               : UT026010: Buffer pool was not set on WebSocketDeploymentInfo, the default pool will be used
2018-12-03 11:34:28.119  INFO 1553 --- [main] io.undertow.servlet                      : Initializing Spring embedded WebApplicationContext
2018-12-03 11:34:28.119  INFO 1553 --- [main] o.s.web.context.ContextLoader            : Root WebApplicationContext: initialization completed in 796 ms
2018-12-03 11:34:28.144  INFO 1553 --- [main] o.s.b.w.servlet.ServletRegistrationBean  : Servlet dispatcherServlet mapped to [/]
2018-12-03 11:34:28.148  INFO 1553 --- [main] o.s.b.w.servlet.FilterRegistrationBean   : Mapping filter: 'characterEncodingFilter' to: [/*]
2018-12-03 11:34:28.148  INFO 1553 --- [main] o.s.b.w.servlet.FilterRegistrationBean   : Mapping filter: 'hiddenHttpMethodFilter' to: [/*]
2018-12-03 11:34:28.148  INFO 1553 --- [main] o.s.b.w.servlet.FilterRegistrationBean   : Mapping filter: 'httpPutFormContentFilter' to: [/*]
2018-12-03 11:34:28.148  INFO 1553 --- [main] o.s.b.w.servlet.FilterRegistrationBean   : Mapping filter: 'requestContextFilter' to: [/*]
2018-12-03 11:34:28.232  INFO 1553 --- [main] com.zaxxer.hikari.HikariDataSource       : HikariPool-1 - Starting...
2018-12-03 11:34:28.522  INFO 1553 --- [main] com.zaxxer.hikari.HikariDataSource       : HikariPool-1 - Start completed.
2018-12-03 11:34:28.548  INFO 1553 --- [main] j.LocalContainerEntityManagerFactoryBean : Building JPA container EntityManagerFactory for persistence unit 'default'
2018-12-03 11:34:28.556  INFO 1553 --- [main] o.hibernate.jpa.internal.util.LogHelper  : HHH000204: Processing PersistenceUnitInfo [
	name: default
	...]
2018-12-03 11:34:28.591  INFO 1553 --- [main] org.hibernate.Version                    : HHH000412: Hibernate Core {5.2.17.Final}
2018-12-03 11:34:28.592  INFO 1553 --- [main] org.hibernate.cfg.Environment            : HHH000206: hibernate.properties not found
2018-12-03 11:34:28.680  INFO 1553 --- [main] o.hibernate.annotations.common.Version   : HCANN000001: Hibernate Commons Annotations {5.0.1.Final}
2018-12-03 11:34:28.764  INFO 1553 --- [main] org.hibernate.dialect.Dialect            : HHH000400: Using dialect: org.hibernate.dialect.MySQL5Dialect
2018-12-03 11:34:28.988  INFO 1553 --- [main] j.LocalContainerEntityManagerFactoryBean : Initialized JPA EntityManagerFactory for persistence unit 'default'
2018-12-03 11:34:29.156  INFO 1553 --- [main] o.s.w.s.handler.SimpleUrlHandlerMapping  : Mapped URL path [/**/favicon.ico] onto handler of type [class org.springframework.web.servlet.resource.ResourceHttpRequestHandler]
2018-12-03 11:34:29.292  INFO 1553 --- [main] s.w.s.m.m.a.RequestMappingHandlerAdapter : Looking for @ControllerAdvice: org.springframework.boot.web.servlet.context.AnnotationConfigServletWebServerApplicationContext@6b26e945: startup date [Mon Dec 03 11:34:27 EST 2018]; root of context hierarchy
2018-12-03 11:34:29.310  WARN 1553 --- [main] aWebConfiguration$JpaWebMvcConfiguration : spring.jpa.open-in-view is enabled by default. Therefore, database queries may be performed during view rendering. Explicitly configure spring.jpa.open-in-view to disable this warning
2018-12-03 11:34:29.335  INFO 1553 --- [main] s.w.s.m.m.a.RequestMappingHandlerMapping : Mapped "{[/products],methods=[GET]}" onto public java.util.List<com.nazar.springweb.entities.Product> com.nazar.springweb.controllers.ProductRestController.getProducts()
2018-12-03 11:34:29.337  INFO 1553 --- [main] s.w.s.m.m.a.RequestMappingHandlerMapping : Mapped "{[/products/{id}],methods=[GET]}" onto public com.nazar.springweb.entities.Product com.nazar.springweb.controllers.ProductRestController.getProduct(int)
2018-12-03 11:34:29.338  INFO 1553 --- [main] s.w.s.m.m.a.RequestMappingHandlerMapping : Mapped "{[/products],methods=[POST]}" onto public com.nazar.springweb.entities.Product com.nazar.springweb.controllers.ProductRestController.createProduct(com.nazar.springweb.entities.Product)
2018-12-03 11:34:29.338  INFO 1553 --- [main] s.w.s.m.m.a.RequestMappingHandlerMapping : Mapped "{[/products],methods=[PUT]}" onto public com.nazar.springweb.entities.Product com.nazar.springweb.controllers.ProductRestController.updateProduct(com.nazar.springweb.entities.Product)
2018-12-03 11:34:29.338  INFO 1553 --- [main] s.w.s.m.m.a.RequestMappingHandlerMapping : Mapped "{[/products/{id}],methods=[DELETE]}" onto public void com.nazar.springweb.controllers.ProductRestController.deleteProduct(int)
2018-12-03 11:34:29.340  INFO 1553 --- [main] s.w.s.m.m.a.RequestMappingHandlerMapping : Mapped "{[/error]}" onto public org.springframework.http.ResponseEntity<java.util.Map<java.lang.String, java.lang.Object>> org.springframework.boot.autoconfigure.web.servlet.error.BasicErrorController.error(javax.servlet.http.HttpServletRequest)
2018-12-03 11:34:29.341  INFO 1553 --- [main] s.w.s.m.m.a.RequestMappingHandlerMapping : Mapped "{[/error],produces=[text/html]}" onto public org.springframework.web.servlet.ModelAndView org.springframework.boot.autoconfigure.web.servlet.error.BasicErrorController.errorHtml(javax.servlet.http.HttpServletRequest,javax.servlet.http.HttpServletResponse)
2018-12-03 11:34:29.364  INFO 1553 --- [main] o.s.w.s.handler.SimpleUrlHandlerMapping  : Mapped URL path [/webjars/**] onto handler of type [class org.springframework.web.servlet.resource.ResourceHttpRequestHandler]
2018-12-03 11:34:29.365  INFO 1553 --- [main] o.s.w.s.handler.SimpleUrlHandlerMapping  : Mapped URL path [/**] onto handler of type [class org.springframework.web.servlet.resource.ResourceHttpRequestHandler]
2018-12-03 11:34:29.549  INFO 1553 --- [main] o.s.j.e.a.AnnotationMBeanExporter        : Registering beans for JMX exposure on startup
2018-12-03 11:34:29.551  INFO 1553 --- [main] o.s.j.e.a.AnnotationMBeanExporter        : Bean with name 'dataSource' has been autodetected for JMX exposure
2018-12-03 11:34:29.554  INFO 1553 --- [main] o.s.j.e.a.AnnotationMBeanExporter        : Located MBean 'dataSource': registering with JMX server as MBean [com.zaxxer.hikari:name=dataSource,type=HikariDataSource]
2018-12-03 11:34:29.601  INFO 1553 --- [main] o.s.b.w.e.u.UndertowServletWebServer     : Undertow started on port(s) 8080 (http) with context path '/productapi'
2018-12-03 11:34:29.603  INFO 1553 --- [main] c.n.springweb.ProductrestapiApplication  : Started ProductrestapiApplication in 2.511 seconds (JVM running for 2.882)
2018-12-03 11:34:44.153  INFO 1553 --- [XNIO-2 task-1] io.undertow.servlet                      : Initializing Spring FrameworkServlet 'dispatcherServlet'
2018-12-03 11:34:44.153  INFO 1553 --- [XNIO-2 task-1] o.s.web.servlet.DispatcherServlet        : FrameworkServlet 'dispatcherServlet': initialization started
2018-12-03 11:34:44.161  INFO 1553 --- [XNIO-2 task-1] o.s.web.servlet.DispatcherServlet        : FrameworkServlet 'dispatcherServlet': initialization completed in 8 ms
2018-12-03 11:34:44.178  INFO 1553 --- [XNIO-2 task-1] c.n.s.controllers.ProductRestController  : Finding product by ID: 1
2018-12-03 11:36:39.887  INFO 1553 --- [RMI TCP Connection(10)-127.0.0.1] inMXBeanRegistrar$SpringApplicationAdmin : Application shutdown requested.
2018-12-03 11:36:39.887  INFO 1553 --- [RMI TCP Connection(10)-127.0.0.1] ConfigServletWebServerApplicationContext : Closing org.springframework.boot.web.servlet.context.AnnotationConfigServletWebServerApplicationContext@6b26e945: startup date [Mon Dec 03 11:34:27 EST 2018]; root of context hierarchy
2018-12-03 11:36:39.889  INFO 1553 --- [RMI TCP Connection(10)-127.0.0.1] o.s.j.e.a.AnnotationMBeanExporter        : Unregistering JMX-exposed beans on shutdown
2018-12-03 11:36:39.889  INFO 1553 --- [RMI TCP Connection(10)-127.0.0.1] o.s.j.e.a.AnnotationMBeanExporter        : Unregistering JMX-exposed beans
2018-12-03 11:36:39.890  INFO 1553 --- [RMI TCP Connection(10)-127.0.0.1] j.LocalContainerEntityManagerFactoryBean : Closing JPA EntityManagerFactory for persistence unit 'default'
2018-12-03 11:36:39.890  INFO 1553 --- [RMI TCP Connection(10)-127.0.0.1] com.zaxxer.hikari.HikariDataSource       : HikariPool-1 - Shutdown initiated...
2018-12-03 11:36:39.894  INFO 1553 --- [RMI TCP Connection(10)-127.0.0.1] com.zaxxer.hikari.HikariDataSource       : HikariPool-1 - Shutdown completed.
2018-12-03 11:36:39.895  INFO 1553 --- [RMI TCP Connection(10)-127.0.0.1] io.undertow.servlet                      : Destroying Spring FrameworkServlet 'dispatcherServlet'
2018-12-03 11:39:45.310  INFO 1563 --- [main] c.n.springweb.ProductrestapiApplication  : Starting ProductrestapiApplication on Nazars-MacBook-Pro-3.local with PID 1563 (/Users/nazarlesiv/Git/java-examples/5.web.services/REST/productrestapi/target/classes started by nazarlesiv in /Users/nazarlesiv/Git/java-examples/5.web.services/REST/productrestapi)
2018-12-03 11:39:45.311  INFO 1563 --- [main] c.n.springweb.ProductrestapiApplication  : No active profile set, falling back to default profiles: default
2018-12-03 11:39:46.041  INFO 1563 --- [main] org.xnio                                 : XNIO version 3.3.8.Final
2018-12-03 11:39:46.050  INFO 1563 --- [main] org.xnio.nio                             : XNIO NIO Implementation Version 3.3.8.Final
2018-12-03 11:39:46.071  WARN 1563 --- [main] io.undertow.websockets.jsr               : UT026009: XNIO worker was not set on WebSocketDeploymentInfo, the default worker will be used
2018-12-03 11:39:46.072  WARN 1563 --- [main] io.undertow.websockets.jsr               : UT026010: Buffer pool was not set on WebSocketDeploymentInfo, the default pool will be used
2018-12-03 11:39:46.083  INFO 1563 --- [main] io.undertow.servlet                      : Initializing Spring embedded WebApplicationContext
2018-12-03 11:39:46.191  INFO 1563 --- [main] com.zaxxer.hikari.HikariDataSource       : HikariPool-1 - Starting...
2018-12-03 11:39:46.476  INFO 1563 --- [main] com.zaxxer.hikari.HikariDataSource       : HikariPool-1 - Start completed.
2018-12-03 11:39:46.509  INFO 1563 --- [main] o.hibernate.jpa.internal.util.LogHelper  : HHH000204: Processing PersistenceUnitInfo [
	name: default
	...]
2018-12-03 11:39:46.609  INFO 1563 --- [main] org.hibernate.Version                    : HHH000412: Hibernate Core {5.2.17.Final}
2018-12-03 11:39:46.610  INFO 1563 --- [main] org.hibernate.cfg.Environment            : HHH000206: hibernate.properties not found
2018-12-03 11:39:46.637  INFO 1563 --- [main] o.hibernate.annotations.common.Version   : HCANN000001: Hibernate Commons Annotations {5.0.1.Final}
2018-12-03 11:39:46.702  INFO 1563 --- [main] org.hibernate.dialect.Dialect            : HHH000400: Using dialect: org.hibernate.dialect.MySQL5Dialect
2018-12-03 11:39:47.457  INFO 1563 --- [main] c.n.springweb.ProductrestapiApplication  : Started ProductrestapiApplication in 2.362 seconds (JVM running for 3.006)
2018-12-03 11:56:34.191  INFO 1563 --- [RMI TCP Connection(27)-127.0.0.1] com.zaxxer.hikari.HikariDataSource       : HikariPool-1 - Shutdown initiated...
2018-12-03 11:56:34.194  INFO 1563 --- [RMI TCP Connection(27)-127.0.0.1] com.zaxxer.hikari.HikariDataSource       : HikariPool-1 - Shutdown completed.
2018-12-03 11:56:52.133  INFO 1588 --- [main] c.n.springweb.ProductrestapiApplication  : Starting ProductrestapiApplication on Nazars-MacBook-Pro-3.local with PID 1588 (/Users/nazarlesiv/Git/java-examples/5.web.services/REST/productrestapi/target/classes started by nazarlesiv in /Users/nazarlesiv/Git/java-examples/5.web.services/REST/productrestapi)
2018-12-03 11:56:52.135  INFO 1588 --- [main] c.n.springweb.ProductrestapiApplication  : No active profile set, falling back to default profiles: default
2018-12-03 11:56:53.101  INFO 1588 --- [main] org.xnio                                 : XNIO version 3.3.8.Final
2018-12-03 11:56:53.108  INFO 1588 --- [main] org.xnio.nio                             : XNIO NIO Implementation Version 3.3.8.Final
2018-12-03 11:56:53.130  WARN 1588 --- [main] io.undertow.websockets.jsr               : UT026009: XNIO worker was not set on WebSocketDeploymentInfo, the default worker will be used
2018-12-03 11:56:53.130  WARN 1588 --- [main] io.undertow.websockets.jsr               : UT026010: Buffer pool was not set on WebSocketDeploymentInfo, the default pool will be used
2018-12-03 11:56:53.141  INFO 1588 --- [main] io.undertow.servlet                      : Initializing Spring embedded WebApplicationContext
2018-12-03 11:56:53.530  INFO 1588 --- [main] com.zaxxer.hikari.HikariDataSource       : HikariPool-1 - Starting...
2018-12-03 11:56:53.891  INFO 1588 --- [main] com.zaxxer.hikari.HikariDataSource       : HikariPool-1 - Start completed.
2018-12-03 11:56:53.921  INFO 1588 --- [main] o.hibernate.jpa.internal.util.LogHelper  : HHH000204: Processing PersistenceUnitInfo [
	name: default
	...]
2018-12-03 11:56:53.954  INFO 1588 --- [main] org.hibernate.Version                    : HHH000412: Hibernate Core {5.2.17.Final}
2018-12-03 11:56:53.955  INFO 1588 --- [main] org.hibernate.cfg.Environment            : HHH000206: hibernate.properties not found
2018-12-03 11:56:53.976  INFO 1588 --- [main] o.hibernate.annotations.common.Version   : HCANN000001: Hibernate Commons Annotations {5.0.1.Final}
2018-12-03 11:56:54.037  INFO 1588 --- [main] org.hibernate.dialect.Dialect            : HHH000400: Using dialect: org.hibernate.dialect.MySQL5Dialect
2018-12-03 11:56:54.953  INFO 1588 --- [main] c.n.springweb.ProductrestapiApplication  : Started ProductrestapiApplication in 3.057 seconds (JVM running for 3.436)
2018-12-03 11:56:56.252  INFO 1588 --- [RMI TCP Connection(9)-127.0.0.1] io.undertow.servlet                      : Initializing Spring FrameworkServlet 'dispatcherServlet'
2018-12-03 11:57:17.036  INFO 1588 --- [XNIO-2 task-1] o.h.h.i.QueryTranslatorFactoryInitiator  : HHH000397: Using ASTQueryTranslatorFactory
2018-12-03 12:02:53.806  INFO 1588 --- [RMI TCP Connection(17)-127.0.0.1] com.zaxxer.hikari.HikariDataSource       : HikariPool-1 - Shutdown initiated...
2018-12-03 12:02:53.811  INFO 1588 --- [RMI TCP Connection(17)-127.0.0.1] com.zaxxer.hikari.HikariDataSource       : HikariPool-1 - Shutdown completed.
2018-12-03 12:02:53.812  INFO 1588 --- [RMI TCP Connection(17)-127.0.0.1] io.undertow.servlet                      : Destroying Spring FrameworkServlet 'dispatcherServlet'
2018-12-03 12:02:59.406  INFO 1687 --- [main] c.n.springweb.ProductrestapiApplication  : Starting ProductrestapiApplication on Nazars-MacBook-Pro-3.local with PID 1687 (/Users/nazarlesiv/Git/java-examples/5.web.services/REST/productrestapi/target/classes started by nazarlesiv in /Users/nazarlesiv/Git/java-examples/5.web.services/REST/productrestapi)
2018-12-03 12:02:59.408  INFO 1687 --- [main] c.n.springweb.ProductrestapiApplication  : No active profile set, falling back to default profiles: default
2018-12-03 12:03:00.305  INFO 1687 --- [main] org.xnio                                 : XNIO version 3.3.8.Final
2018-12-03 12:03:00.312  INFO 1687 --- [main] org.xnio.nio                             : XNIO NIO Implementation Version 3.3.8.Final
2018-12-03 12:03:00.334  WARN 1687 --- [main] io.undertow.websockets.jsr               : UT026009: XNIO worker was not set on WebSocketDeploymentInfo, the default worker will be used
2018-12-03 12:03:00.334  WARN 1687 --- [main] io.undertow.websockets.jsr               : UT026010: Buffer pool was not set on WebSocketDeploymentInfo, the default pool will be used
2018-12-03 12:03:00.346  INFO 1687 --- [main] io.undertow.servlet                      : Initializing Spring embedded WebApplicationContext
2018-12-03 12:03:00.750  INFO 1687 --- [main] com.zaxxer.hikari.HikariDataSource       : HikariPool-1 - Starting...
2018-12-03 12:03:01.104  INFO 1687 --- [main] com.zaxxer.hikari.HikariDataSource       : HikariPool-1 - Start completed.
2018-12-03 12:03:01.136  INFO 1687 --- [main] o.hibernate.jpa.internal.util.LogHelper  : HHH000204: Processing PersistenceUnitInfo [
	name: default
	...]
2018-12-03 12:03:01.171  INFO 1687 --- [main] org.hibernate.Version                    : HHH000412: Hibernate Core {5.2.17.Final}
2018-12-03 12:03:01.171  INFO 1687 --- [main] org.hibernate.cfg.Environment            : HHH000206: hibernate.properties not found
2018-12-03 12:03:01.193  INFO 1687 --- [main] o.hibernate.annotations.common.Version   : HCANN000001: Hibernate Commons Annotations {5.0.1.Final}
2018-12-03 12:03:01.265  INFO 1687 --- [main] org.hibernate.dialect.Dialect            : HHH000400: Using dialect: org.hibernate.dialect.MySQL5Dialect
2018-12-03 12:03:02.201  INFO 1687 --- [main] c.n.springweb.ProductrestapiApplication  : Started ProductrestapiApplication in 3.006 seconds (JVM running for 3.682)
2018-12-03 12:03:06.285  INFO 1687 --- [RMI TCP Connection(3)-127.0.0.1] io.undertow.servlet                      : Initializing Spring FrameworkServlet 'dispatcherServlet'
2018-12-03 12:05:11.632  INFO 1687 --- [RMI TCP Connection(12)-127.0.0.1] com.zaxxer.hikari.HikariDataSource       : HikariPool-1 - Shutdown initiated...
2018-12-03 12:05:11.639  INFO 1687 --- [RMI TCP Connection(12)-127.0.0.1] com.zaxxer.hikari.HikariDataSource       : HikariPool-1 - Shutdown completed.
2018-12-03 12:05:11.640  INFO 1687 --- [RMI TCP Connection(12)-127.0.0.1] io.undertow.servlet                      : Destroying Spring FrameworkServlet 'dispatcherServlet'
2018-12-03 12:05:23.585  INFO 1700 --- [main] c.n.springweb.ProductrestapiApplication  : Starting ProductrestapiApplication on Nazars-MacBook-Pro-3.local with PID 1700 (/Users/nazarlesiv/Git/java-examples/5.web.services/REST/productrestapi/target/classes started by nazarlesiv in /Users/nazarlesiv/Git/java-examples/5.web.services/REST/productrestapi)
2018-12-03 12:05:23.587  INFO 1700 --- [main] c.n.springweb.ProductrestapiApplication  : No active profile set, falling back to default profiles: default
2018-12-03 12:05:24.476  INFO 1700 --- [main] org.xnio                                 : XNIO version 3.3.8.Final
2018-12-03 12:05:24.483  INFO 1700 --- [main] org.xnio.nio                             : XNIO NIO Implementation Version 3.3.8.Final
2018-12-03 12:05:24.506  WARN 1700 --- [main] io.undertow.websockets.jsr               : UT026009: XNIO worker was not set on WebSocketDeploymentInfo, the default worker will be used
2018-12-03 12:05:24.507  WARN 1700 --- [main] io.undertow.websockets.jsr               : UT026010: Buffer pool was not set on WebSocketDeploymentInfo, the default pool will be used
2018-12-03 12:05:24.518  INFO 1700 --- [main] io.undertow.servlet                      : Initializing Spring embedded WebApplicationContext
2018-12-03 12:05:24.927  INFO 1700 --- [main] com.zaxxer.hikari.HikariDataSource       : HikariPool-1 - Starting...
2018-12-03 12:05:25.285  INFO 1700 --- [main] com.zaxxer.hikari.HikariDataSource       : HikariPool-1 - Start completed.
2018-12-03 12:05:25.315  INFO 1700 --- [main] o.hibernate.jpa.internal.util.LogHelper  : HHH000204: Processing PersistenceUnitInfo [
	name: default
	...]
2018-12-03 12:05:25.346  INFO 1700 --- [main] org.hibernate.Version                    : HHH000412: Hibernate Core {5.2.17.Final}
2018-12-03 12:05:25.347  INFO 1700 --- [main] org.hibernate.cfg.Environment            : HHH000206: hibernate.properties not found
2018-12-03 12:05:25.366  INFO 1700 --- [main] o.hibernate.annotations.common.Version   : HCANN000001: Hibernate Commons Annotations {5.0.1.Final}
2018-12-03 12:05:25.431  INFO 1700 --- [main] org.hibernate.dialect.Dialect            : HHH000400: Using dialect: org.hibernate.dialect.MySQL5Dialect
2018-12-03 12:05:26.388  INFO 1700 --- [main] c.n.springweb.ProductrestapiApplication  : Started ProductrestapiApplication in 3.014 seconds (JVM running for 3.714)
2018-12-03 12:05:26.478  INFO 1700 --- [RMI TCP Connection(3)-127.0.0.1] io.undertow.servlet                      : Initializing Spring FrameworkServlet 'dispatcherServlet'
2018-12-03 12:07:05.691  INFO 1700 --- [RMI TCP Connection(12)-127.0.0.1] com.zaxxer.hikari.HikariDataSource       : HikariPool-1 - Shutdown initiated...
2018-12-03 12:07:05.695  INFO 1700 --- [RMI TCP Connection(12)-127.0.0.1] com.zaxxer.hikari.HikariDataSource       : HikariPool-1 - Shutdown completed.
2018-12-03 12:07:05.696  INFO 1700 --- [RMI TCP Connection(12)-127.0.0.1] io.undertow.servlet                      : Destroying Spring FrameworkServlet 'dispatcherServlet'
2018-12-03 12:07:09.825  INFO 1701 --- [main] c.n.springweb.ProductrestapiApplication  : Starting ProductrestapiApplication on Nazars-MacBook-Pro-3.local with PID 1701 (/Users/nazarlesiv/Git/java-examples/5.web.services/REST/productrestapi/target/classes started by nazarlesiv in /Users/nazarlesiv/Git/java-examples/5.web.services/REST/productrestapi)
2018-12-03 12:07:09.827  INFO 1701 --- [main] c.n.springweb.ProductrestapiApplication  : No active profile set, falling back to default profiles: default
2018-12-03 12:07:10.778  INFO 1701 --- [main] org.xnio                                 : XNIO version 3.3.8.Final
2018-12-03 12:07:10.785  INFO 1701 --- [main] org.xnio.nio                             : XNIO NIO Implementation Version 3.3.8.Final
2018-12-03 12:07:10.807  WARN 1701 --- [main] io.undertow.websockets.jsr               : UT026009: XNIO worker was not set on WebSocketDeploymentInfo, the default worker will be used
2018-12-03 12:07:10.807  WARN 1701 --- [main] io.undertow.websockets.jsr               : UT026010: Buffer pool was not set on WebSocketDeploymentInfo, the default pool will be used
2018-12-03 12:07:10.819  INFO 1701 --- [main] io.undertow.servlet                      : Initializing Spring embedded WebApplicationContext
2018-12-03 12:07:11.226  INFO 1701 --- [main] com.zaxxer.hikari.HikariDataSource       : HikariPool-1 - Starting...
2018-12-03 12:07:11.653  INFO 1701 --- [main] com.zaxxer.hikari.HikariDataSource       : HikariPool-1 - Start completed.
2018-12-03 12:07:11.687  INFO 1701 --- [main] o.hibernate.jpa.internal.util.LogHelper  : HHH000204: Processing PersistenceUnitInfo [
	name: default
	...]
2018-12-03 12:07:11.722  INFO 1701 --- [main] org.hibernate.Version                    : HHH000412: Hibernate Core {5.2.17.Final}
2018-12-03 12:07:11.723  INFO 1701 --- [main] org.hibernate.cfg.Environment            : HHH000206: hibernate.properties not found
2018-12-03 12:07:11.744  INFO 1701 --- [main] o.hibernate.annotations.common.Version   : HCANN000001: Hibernate Commons Annotations {5.0.1.Final}
2018-12-03 12:07:11.824  INFO 1701 --- [main] org.hibernate.dialect.Dialect            : HHH000400: Using dialect: org.hibernate.dialect.MySQL5Dialect
2018-12-03 12:07:12.767  INFO 1701 --- [main] c.n.springweb.ProductrestapiApplication  : Started ProductrestapiApplication in 3.156 seconds (JVM running for 3.572)
2018-12-03 12:07:16.411  INFO 1701 --- [RMI TCP Connection(3)-127.0.0.1] io.undertow.servlet                      : Initializing Spring FrameworkServlet 'dispatcherServlet'
2018-12-03 12:12:06.427  INFO 1701 --- [RMI TCP Connection(16)-127.0.0.1] com.zaxxer.hikari.HikariDataSource       : HikariPool-1 - Shutdown initiated...
2018-12-03 12:12:06.431  INFO 1701 --- [RMI TCP Connection(16)-127.0.0.1] com.zaxxer.hikari.HikariDataSource       : HikariPool-1 - Shutdown completed.
2018-12-03 12:12:06.432  INFO 1701 --- [RMI TCP Connection(16)-127.0.0.1] io.undertow.servlet                      : Destroying Spring FrameworkServlet 'dispatcherServlet'
2018-12-03 12:12:09.277  INFO 1708 --- [main] c.n.springweb.ProductrestapiApplication  : Starting ProductrestapiApplication on Nazars-MacBook-Pro-3.local with PID 1708 (/Users/nazarlesiv/Git/java-examples/5.web.services/REST/productrestapi/target/classes started by nazarlesiv in /Users/nazarlesiv/Git/java-examples/5.web.services/REST/productrestapi)
2018-12-03 12:12:09.279  INFO 1708 --- [main] c.n.springweb.ProductrestapiApplication  : No active profile set, falling back to default profiles: default
2018-12-03 12:12:10.181  INFO 1708 --- [main] org.xnio                                 : XNIO version 3.3.8.Final
2018-12-03 12:12:10.188  INFO 1708 --- [main] org.xnio.nio                             : XNIO NIO Implementation Version 3.3.8.Final
2018-12-03 12:12:10.210  WARN 1708 --- [main] io.undertow.websockets.jsr               : UT026009: XNIO worker was not set on WebSocketDeploymentInfo, the default worker will be used
2018-12-03 12:12:10.211  WARN 1708 --- [main] io.undertow.websockets.jsr               : UT026010: Buffer pool was not set on WebSocketDeploymentInfo, the default pool will be used
2018-12-03 12:12:10.223  INFO 1708 --- [main] io.undertow.servlet                      : Initializing Spring embedded WebApplicationContext
2018-12-03 12:12:10.650  INFO 1708 --- [main] com.zaxxer.hikari.HikariDataSource       : HikariPool-1 - Starting...
2018-12-03 12:12:11.019  INFO 1708 --- [main] com.zaxxer.hikari.HikariDataSource       : HikariPool-1 - Start completed.
2018-12-03 12:12:11.052  INFO 1708 --- [main] o.hibernate.jpa.internal.util.LogHelper  : HHH000204: Processing PersistenceUnitInfo [
	name: default
	...]
2018-12-03 12:12:11.086  INFO 1708 --- [main] org.hibernate.Version                    : HHH000412: Hibernate Core {5.2.17.Final}
2018-12-03 12:12:11.087  INFO 1708 --- [main] org.hibernate.cfg.Environment            : HHH000206: hibernate.properties not found
2018-12-03 12:12:11.107  INFO 1708 --- [main] o.hibernate.annotations.common.Version   : HCANN000001: Hibernate Commons Annotations {5.0.1.Final}
2018-12-03 12:12:11.182  INFO 1708 --- [main] org.hibernate.dialect.Dialect            : HHH000400: Using dialect: org.hibernate.dialect.MySQL5Dialect
2018-12-03 12:12:12.121  INFO 1708 --- [main] c.n.springweb.ProductrestapiApplication  : Started ProductrestapiApplication in 3.058 seconds (JVM running for 3.697)
2018-12-03 12:12:16.563  INFO 1708 --- [RMI TCP Connection(3)-127.0.0.1] io.undertow.servlet                      : Initializing Spring FrameworkServlet 'dispatcherServlet'
2018-12-03 12:14:49.481  INFO 1708 --- [RMI TCP Connection(13)-127.0.0.1] com.zaxxer.hikari.HikariDataSource       : HikariPool-1 - Shutdown initiated...
2018-12-03 12:14:49.487  INFO 1708 --- [RMI TCP Connection(13)-127.0.0.1] com.zaxxer.hikari.HikariDataSource       : HikariPool-1 - Shutdown completed.
2018-12-03 12:14:49.488  INFO 1708 --- [RMI TCP Connection(13)-127.0.0.1] io.undertow.servlet                      : Destroying Spring FrameworkServlet 'dispatcherServlet'
2018-12-03 12:14:59.468  INFO 1712 --- [main] c.n.springweb.ProductrestapiApplication  : Starting ProductrestapiApplication on Nazars-MacBook-Pro-3.local with PID 1712 (/Users/nazarlesiv/Git/java-examples/5.web.services/REST/productrestapi/target/classes started by nazarlesiv in /Users/nazarlesiv/Git/java-examples/5.web.services/REST/productrestapi)
2018-12-03 12:14:59.469  INFO 1712 --- [main] c.n.springweb.ProductrestapiApplication  : No active profile set, falling back to default profiles: default
2018-12-03 12:15:00.421  INFO 1712 --- [main] org.xnio                                 : XNIO version 3.3.8.Final
2018-12-03 12:15:00.428  INFO 1712 --- [main] org.xnio.nio                             : XNIO NIO Implementation Version 3.3.8.Final
2018-12-03 12:15:00.452  WARN 1712 --- [main] io.undertow.websockets.jsr               : UT026009: XNIO worker was not set on WebSocketDeploymentInfo, the default worker will be used
2018-12-03 12:15:00.452  WARN 1712 --- [main] io.undertow.websockets.jsr               : UT026010: Buffer pool was not set on WebSocketDeploymentInfo, the default pool will be used
2018-12-03 12:15:00.465  INFO 1712 --- [main] io.undertow.servlet                      : Initializing Spring embedded WebApplicationContext
2018-12-03 12:15:00.886  INFO 1712 --- [main] com.zaxxer.hikari.HikariDataSource       : HikariPool-1 - Starting...
2018-12-03 12:15:01.251  INFO 1712 --- [main] com.zaxxer.hikari.HikariDataSource       : HikariPool-1 - Start completed.
2018-12-03 12:15:01.281  INFO 1712 --- [main] o.hibernate.jpa.internal.util.LogHelper  : HHH000204: Processing PersistenceUnitInfo [
	name: default
	...]
2018-12-03 12:15:01.313  INFO 1712 --- [main] org.hibernate.Version                    : HHH000412: Hibernate Core {5.2.17.Final}
2018-12-03 12:15:01.313  INFO 1712 --- [main] org.hibernate.cfg.Environment            : HHH000206: hibernate.properties not found
2018-12-03 12:15:01.332  INFO 1712 --- [main] o.hibernate.annotations.common.Version   : HCANN000001: Hibernate Commons Annotations {5.0.1.Final}
2018-12-03 12:15:01.413  INFO 1712 --- [main] org.hibernate.dialect.Dialect            : HHH000400: Using dialect: org.hibernate.dialect.MySQL5Dialect
2018-12-03 12:15:02.556  INFO 1712 --- [main] c.n.springweb.ProductrestapiApplication  : Started ProductrestapiApplication in 3.305 seconds (JVM running for 3.974)
2018-12-03 12:15:06.674  INFO 1712 --- [RMI TCP Connection(3)-127.0.0.1] io.undertow.servlet                      : Initializing Spring FrameworkServlet 'dispatcherServlet'
2018-12-03 12:15:52.683  INFO 1712 --- [RMI TCP Connection(11)-127.0.0.1] com.zaxxer.hikari.HikariDataSource       : HikariPool-1 - Shutdown initiated...
2018-12-03 12:15:52.687  INFO 1712 --- [RMI TCP Connection(11)-127.0.0.1] com.zaxxer.hikari.HikariDataSource       : HikariPool-1 - Shutdown completed.
2018-12-03 12:15:52.688  INFO 1712 --- [RMI TCP Connection(11)-127.0.0.1] io.undertow.servlet                      : Destroying Spring FrameworkServlet 'dispatcherServlet'
2018-12-03 12:16:09.956  INFO 1714 --- [main] c.n.springweb.ProductrestapiApplication  : Starting ProductrestapiApplication on Nazars-MacBook-Pro-3.local with PID 1714 (/Users/nazarlesiv/Git/java-examples/5.web.services/REST/productrestapi/target/classes started by nazarlesiv in /Users/nazarlesiv/Git/java-examples/5.web.services/REST/productrestapi)
2018-12-03 12:16:09.958  INFO 1714 --- [main] c.n.springweb.ProductrestapiApplication  : No active profile set, falling back to default profiles: default
2018-12-03 12:16:10.919  INFO 1714 --- [main] org.xnio                                 : XNIO version 3.3.8.Final
2018-12-03 12:16:10.926  INFO 1714 --- [main] org.xnio.nio                             : XNIO NIO Implementation Version 3.3.8.Final
2018-12-03 12:16:10.948  WARN 1714 --- [main] io.undertow.websockets.jsr               : UT026009: XNIO worker was not set on WebSocketDeploymentInfo, the default worker will be used
2018-12-03 12:16:10.948  WARN 1714 --- [main] io.undertow.websockets.jsr               : UT026010: Buffer pool was not set on WebSocketDeploymentInfo, the default pool will be used
2018-12-03 12:16:10.960  INFO 1714 --- [main] io.undertow.servlet                      : Initializing Spring embedded WebApplicationContext
2018-12-03 12:16:11.393  INFO 1714 --- [main] com.zaxxer.hikari.HikariDataSource       : HikariPool-1 - Starting...
2018-12-03 12:16:11.762  INFO 1714 --- [main] com.zaxxer.hikari.HikariDataSource       : HikariPool-1 - Start completed.
2018-12-03 12:16:11.799  INFO 1714 --- [main] o.hibernate.jpa.internal.util.LogHelper  : HHH000204: Processing PersistenceUnitInfo [
	name: default
	...]
2018-12-03 12:16:11.833  INFO 1714 --- [main] org.hibernate.Version                    : HHH000412: Hibernate Core {5.2.17.Final}
2018-12-03 12:16:11.834  INFO 1714 --- [main] org.hibernate.cfg.Environment            : HHH000206: hibernate.properties not found
2018-12-03 12:16:11.854  INFO 1714 --- [main] o.hibernate.annotations.common.Version   : HCANN000001: Hibernate Commons Annotations {5.0.1.Final}
2018-12-03 12:16:11.921  INFO 1714 --- [main] org.hibernate.dialect.Dialect            : HHH000400: Using dialect: org.hibernate.dialect.MySQL5Dialect
2018-12-03 12:16:13.023  INFO 1714 --- [main] c.n.springweb.ProductrestapiApplication  : Started ProductrestapiApplication in 3.278 seconds (JVM running for 3.643)
2018-12-03 12:16:16.705  INFO 1714 --- [RMI TCP Connection(3)-127.0.0.1] io.undertow.servlet                      : Initializing Spring FrameworkServlet 'dispatcherServlet'
2018-12-03 12:17:17.361  INFO 1714 --- [RMI TCP Connection(10)-127.0.0.1] com.zaxxer.hikari.HikariDataSource       : HikariPool-1 - Shutdown initiated...
2018-12-03 12:17:17.366  INFO 1714 --- [RMI TCP Connection(10)-127.0.0.1] com.zaxxer.hikari.HikariDataSource       : HikariPool-1 - Shutdown completed.
2018-12-03 12:17:17.368  INFO 1714 --- [RMI TCP Connection(10)-127.0.0.1] io.undertow.servlet                      : Destroying Spring FrameworkServlet 'dispatcherServlet'
2018-12-03 12:17:24.892  INFO 1717 --- [main] c.n.springweb.ProductrestapiApplication  : Starting ProductrestapiApplication on Nazars-MacBook-Pro-3.local with PID 1717 (/Users/nazarlesiv/Git/java-examples/5.web.services/REST/productrestapi/target/classes started by nazarlesiv in /Users/nazarlesiv/Git/java-examples/5.web.services/REST/productrestapi)
2018-12-03 12:17:24.893  INFO 1717 --- [main] c.n.springweb.ProductrestapiApplication  : No active profile set, falling back to default profiles: default
2018-12-03 12:17:25.907  INFO 1717 --- [main] org.xnio                                 : XNIO version 3.3.8.Final
2018-12-03 12:17:25.915  INFO 1717 --- [main] org.xnio.nio                             : XNIO NIO Implementation Version 3.3.8.Final
2018-12-03 12:17:25.941  WARN 1717 --- [main] io.undertow.websockets.jsr               : UT026009: XNIO worker was not set on WebSocketDeploymentInfo, the default worker will be used
2018-12-03 12:17:25.941  WARN 1717 --- [main] io.undertow.websockets.jsr               : UT026010: Buffer pool was not set on WebSocketDeploymentInfo, the default pool will be used
2018-12-03 12:17:25.954  INFO 1717 --- [main] io.undertow.servlet                      : Initializing Spring embedded WebApplicationContext
2018-12-03 12:17:26.368  INFO 1717 --- [main] com.zaxxer.hikari.HikariDataSource       : HikariPool-1 - Starting...
2018-12-03 12:17:26.740  INFO 1717 --- [main] com.zaxxer.hikari.HikariDataSource       : HikariPool-1 - Start completed.
2018-12-03 12:17:26.776  INFO 1717 --- [main] o.hibernate.jpa.internal.util.LogHelper  : HHH000204: Processing PersistenceUnitInfo [
	name: default
	...]
2018-12-03 12:17:26.819  INFO 1717 --- [main] org.hibernate.Version                    : HHH000412: Hibernate Core {5.2.17.Final}
2018-12-03 12:17:26.820  INFO 1717 --- [main] org.hibernate.cfg.Environment            : HHH000206: hibernate.properties not found
2018-12-03 12:17:26.843  INFO 1717 --- [main] o.hibernate.annotations.common.Version   : HCANN000001: Hibernate Commons Annotations {5.0.1.Final}
2018-12-03 12:17:26.913  INFO 1717 --- [main] org.hibernate.dialect.Dialect            : HHH000400: Using dialect: org.hibernate.dialect.MySQL5Dialect
2018-12-03 12:17:28.026  INFO 1717 --- [main] c.n.springweb.ProductrestapiApplication  : Started ProductrestapiApplication in 3.351 seconds (JVM running for 3.738)
2018-12-03 12:17:31.750  INFO 1717 --- [RMI TCP Connection(3)-127.0.0.1] io.undertow.servlet                      : Initializing Spring FrameworkServlet 'dispatcherServlet'
2018-12-03 12:25:14.290  INFO 1717 --- [RMI TCP Connection(19)-127.0.0.1] com.zaxxer.hikari.HikariDataSource       : HikariPool-1 - Shutdown initiated...
2018-12-03 12:25:14.295  INFO 1717 --- [RMI TCP Connection(19)-127.0.0.1] com.zaxxer.hikari.HikariDataSource       : HikariPool-1 - Shutdown completed.
2018-12-03 12:25:14.296  INFO 1717 --- [RMI TCP Connection(19)-127.0.0.1] io.undertow.servlet                      : Destroying Spring FrameworkServlet 'dispatcherServlet'
